<?xml version="1.0" encoding="UTF-8"?>
<!-- Generated by org.testng.reporters.JUnitReportReporter -->
<testsuite hostname="sky-aeldiddy" failures="0" tests="1" name="tests.Apptestchargestatus" time="32.057" errors="0" timestamp="09 Dec 2021 10:59:52 GMT" skipped="0">
  <testcase classname="tests.Apptestchargestatus" name="testmobileappbychargestatus" time="32.057"/>
</testsuite> <!-- tests.Apptestchargestatus -->
