<?xml version="1.0" encoding="UTF-8"?>
<!-- Generated by org.testng.reporters.JUnitReportReporter -->
<testsuite hostname="sky-aeldiddy" failures="0" tests="1" name="tests.Apptestbycharge" time="37.917" errors="0" timestamp="09 Dec 2021 10:59:52 GMT" skipped="0">
  <testcase classname="tests.Apptestbycharge" name="testmobileappbycharge" time="37.917"/>
</testsuite> <!-- tests.Apptestbycharge -->
