<?xml version="1.0" encoding="UTF-8"?>
<!-- Generated by org.testng.reporters.JUnitReportReporter -->
<testsuite hostname="sky-aeldiddy" failures="0" tests="1" name="tests.Apptest" time="36.100" errors="0" timestamp="09 Dec 2021 08:49:14 GMT" skipped="0">
  <testcase classname="tests.Apptest" name="testmobileapp" time="36.100"/>
</testsuite> <!-- tests.Apptest -->
